# JRE version: OpenJDK Runtime Environment Temurin-21.0.8+9 (21.0.8+9) (build 21.0.8+9-LTS)
# Java VM: OpenJDK 64-Bit Server VM Temurin-21.0.8+9 (21.0.8+9-LTS, mixed mode, sharing, tiered, compressed oops, compressed class ptrs, parallel gc, windows-amd64)
GC Precious Log:
 CardTable entry size: 512
 CPUs: 12 total, 12 available
 Memory: 7914M
 Large Page Support: Disabled
 NUMA Support: Disabled
 Compressed Oops: Enabled (32-bit)
 Alignments: Space 512K, Generation 512K, Heap 2M
 Heap Min Capacity: 100M
 Heap Initial Capacity: 100M
 Heap Max Capacity: 2G
 Pre-touch: Disabled
 Parallel Workers: 10
Heap:
 PSYoungGen      total 19968K, used 7940K [0x00000000d5580000, 0x00000000d6c00000, 0x0000000100000000)
  eden space 19456K, 40% used [0x00000000d5580000,0x00000000d5d21330,0x00000000d6880000)
  from space 512K, 25% used [0x00000000d6b80000,0x00000000d6ba0000,0x00000000d6c00000)
  to   space 512K, 0% used [0x00000000d6b00000,0x00000000d6b00000,0x00000000d6b80000)
 ParOldGen       total 74752K, used 74463K [0x0000000080000000, 0x0000000084900000, 0x00000000d5580000)
  object space 74752K, 99% used [0x0000000080000000,0x00000000848b7de8,0x0000000084900000)
 Metaspace       used 65298K, committed 66752K, reserved 1114112K
  class space    used 7571K, committed 8192K, reserved 1048576K
GC Heap History (20 events):
Event: 104.605 GC heap before
{Heap before GC invocations=40 (full 3):
 PSYoungGen      total 22528K, used 22496K [0x00000000d5580000, 0x00000000d7200000, 0x0000000100000000)
  eden space 22016K, 100% used [0x00000000d5580000,0x00000000d6b00000,0x00000000d6b00000)
  from space 512K, 93% used [0x00000000d6f00000,0x00000000d6f78010,0x00000000d6f80000)
  to   space 3584K, 0% used [0x00000000d6b00000,0x00000000d6b00000,0x00000000d6e80000)
 ParOldGen       total 68608K, used 61457K [0x0000000080000000, 0x0000000084300000, 0x00000000d5580000)
  object space 68608K, 89% used [0x0000000080000000,0x0000000083c04670,0x0000000084300000)
 Metaspace       used 62335K, committed 63680K, reserved 1114112K
  class space    used 7291K, committed 7872K, reserved 1048576K
}
Event: 104.613 GC heap after
{Heap after GC invocations=40 (full 3):
 PSYoungGen      total 25088K, used 2722K [0x00000000d5580000, 0x00000000d7100000, 0x0000000100000000)
  eden space 22016K, 0% used [0x00000000d5580000,0x00000000d5580000,0x00000000d6b00000)
  from space 3072K, 88% used [0x00000000d6b00000,0x00000000d6da8810,0x00000000d6e00000)
  to   space 3072K, 0% used [0x00000000d6e00000,0x00000000d6e00000,0x00000000d7100000)
 ParOldGen       total 68608K, used 61876K [0x0000000080000000, 0x0000000084300000, 0x00000000d5580000)
  object space 68608K, 90% used [0x0000000080000000,0x0000000083c6d350,0x0000000084300000)
 Metaspace       used 62335K, committed 63680K, reserved 1114112K
  class space    used 7291K, committed 7872K, reserved 1048576K
}
Event: 104.880 GC heap before
{Heap before GC invocations=41 (full 3):
 PSYoungGen      total 25088K, used 24738K [0x00000000d5580000, 0x00000000d7100000, 0x0000000100000000)
  eden space 22016K, 100% used [0x00000000d5580000,0x00000000d6b00000,0x00000000d6b00000)
  from space 3072K, 88% used [0x00000000d6b00000,0x00000000d6da8810,0x00000000d6e00000)
  to   space 3072K, 0% used [0x00000000d6e00000,0x00000000d6e00000,0x00000000d7100000)
 ParOldGen       total 68608K, used 61876K [0x0000000080000000, 0x0000000084300000, 0x00000000d5580000)
  object space 68608K, 90% used [0x0000000080000000,0x0000000083c6d350,0x0000000084300000)
 Metaspace       used 62352K, committed 63744K, reserved 1114112K
  class space    used 7291K, committed 7872K, reserved 1048576K
}
Event: 104.889 GC heap after
{Heap after GC invocations=41 (full 3):
 PSYoungGen      total 24576K, used 2308K [0x00000000d5580000, 0x00000000d7080000, 0x0000000100000000)
  eden space 22016K, 0% used [0x00000000d5580000,0x00000000d5580000,0x00000000d6b00000)
  from space 2560K, 90% used [0x00000000d6e00000,0x00000000d7041000,0x00000000d7080000)
  to   space 2560K, 0% used [0x00000000d6b80000,0x00000000d6b80000,0x00000000d6e00000)
 ParOldGen       total 68608K, used 64372K [0x0000000080000000, 0x0000000084300000, 0x00000000d5580000)
  object space 68608K, 93% used [0x0000000080000000,0x0000000083edd360,0x0000000084300000)
 Metaspace       used 62352K, committed 63744K, reserved 1114112K
  class space    used 7291K, committed 7872K, reserved 1048576K
}
Event: 105.177 GC heap before
{Heap before GC invocations=42 (full 3):
 PSYoungGen      total 24576K, used 24324K [0x00000000d5580000, 0x00000000d7080000, 0x0000000100000000)
  eden space 22016K, 100% used [0x00000000d5580000,0x00000000d6b00000,0x00000000d6b00000)
  from space 2560K, 90% used [0x00000000d6e00000,0x00000000d7041000,0x00000000d7080000)
  to   space 2560K, 0% used [0x00000000d6b80000,0x00000000d6b80000,0x00000000d6e00000)
 ParOldGen       total 68608K, used 64372K [0x0000000080000000, 0x0000000084300000, 0x00000000d5580000)
  object space 68608K, 93% used [0x0000000080000000,0x0000000083edd360,0x0000000084300000)
 Metaspace       used 62464K, committed 63808K, reserved 1114112K
  class space    used 7301K, committed 7872K, reserved 1048576K
}
Event: 105.185 GC heap after
{Heap after GC invocations=42 (full 3):
 PSYoungGen      total 24576K, used 2496K [0x00000000d5580000, 0x00000000d7000000, 0x0000000100000000)
  eden space 22016K, 0% used [0x00000000d5580000,0x00000000d5580000,0x00000000d6b00000)
  from space 2560K, 97% used [0x00000000d6b80000,0x00000000d6df0010,0x00000000d6e00000)
  to   space 2048K, 0% used [0x00000000d6e00000,0x00000000d6e00000,0x00000000d7000000)
 ParOldGen       total 68608K, used 66613K [0x0000000080000000, 0x0000000084300000, 0x00000000d5580000)
  object space 68608K, 97% used [0x0000000080000000,0x000000008410d460,0x0000000084300000)
 Metaspace       used 62464K, committed 63808K, reserved 1114112K
  class space    used 7301K, committed 7872K, reserved 1048576K
}
Event: 105.442 GC heap before
{Heap before GC invocations=43 (full 3):
 PSYoungGen      total 24576K, used 24512K [0x00000000d5580000, 0x00000000d7000000, 0x0000000100000000)
  eden space 22016K, 100% used [0x00000000d5580000,0x00000000d6b00000,0x00000000d6b00000)
  from space 2560K, 97% used [0x00000000d6b80000,0x00000000d6df0010,0x00000000d6e00000)
  to   space 2048K, 0% used [0x00000000d6e00000,0x00000000d6e00000,0x00000000d7000000)
 ParOldGen       total 68608K, used 66613K [0x0000000080000000, 0x0000000084300000, 0x00000000d5580000)
  object space 68608K, 97% used [0x0000000080000000,0x000000008410d460,0x0000000084300000)
 Metaspace       used 62637K, committed 64000K, reserved 1114112K
  class space    used 7306K, committed 7872K, reserved 1048576K
}
Event: 105.450 GC heap after
{Heap after GC invocations=43 (full 3):
 PSYoungGen      total 21504K, used 2040K [0x00000000d5580000, 0x00000000d7600000, 0x0000000100000000)
  eden space 19456K, 0% used [0x00000000d5580000,0x00000000d5580000,0x00000000d6880000)
  from space 2048K, 99% used [0x00000000d6e00000,0x00000000d6ffe260,0x00000000d7000000)
  to   space 5632K, 0% used [0x00000000d6880000,0x00000000d6880000,0x00000000d6e00000)
 ParOldGen       total 70144K, used 69741K [0x0000000080000000, 0x0000000084480000, 0x00000000d5580000)
  object space 70144K, 99% used [0x0000000080000000,0x000000008441b4b0,0x0000000084480000)
 Metaspace       used 62637K, committed 64000K, reserved 1114112K
  class space    used 7306K, committed 7872K, reserved 1048576K
}
Event: 105.844 GC heap before
{Heap before GC invocations=44 (full 3):
 PSYoungGen      total 21504K, used 21496K [0x00000000d5580000, 0x00000000d7600000, 0x0000000100000000)
  eden space 19456K, 100% used [0x00000000d5580000,0x00000000d6880000,0x00000000d6880000)
  from space 2048K, 99% used [0x00000000d6e00000,0x00000000d6ffe260,0x00000000d7000000)
  to   space 5632K, 0% used [0x00000000d6880000,0x00000000d6880000,0x00000000d6e00000)
 ParOldGen       total 70144K, used 69741K [0x0000000080000000, 0x0000000084480000, 0x00000000d5580000)
  object space 70144K, 99% used [0x0000000080000000,0x000000008441b4b0,0x0000000084480000)
 Metaspace       used 62967K, committed 64256K, reserved 1114112K
  class space    used 7334K, committed 7872K, reserved 1048576K
}
Event: 105.853 GC heap after
{Heap after GC invocations=44 (full 3):
 PSYoungGen      total 21504K, used 1888K [0x00000000d5580000, 0x00000000d6f80000, 0x0000000100000000)
  eden space 19456K, 0% used [0x00000000d5580000,0x00000000d5580000,0x00000000d6880000)
  from space 2048K, 92% used [0x00000000d6880000,0x00000000d6a58080,0x00000000d6a80000)
  to   space 3584K, 0% used [0x00000000d6c00000,0x00000000d6c00000,0x00000000d6f80000)
 ParOldGen       total 71680K, used 71637K [0x0000000080000000, 0x0000000084600000, 0x00000000d5580000)
  object space 71680K, 99% used [0x0000000080000000,0x00000000845f5710,0x0000000084600000)
 Metaspace       used 62967K, committed 64256K, reserved 1114112K
  class space    used 7334K, committed 7872K, reserved 1048576K
}
Event: 106.514 GC heap before
{Heap before GC invocations=45 (full 3):
 PSYoungGen      total 21504K, used 21344K [0x00000000d5580000, 0x00000000d6f80000, 0x0000000100000000)
  eden space 19456K, 100% used [0x00000000d5580000,0x00000000d6880000,0x00000000d6880000)
  from space 2048K, 92% used [0x00000000d6880000,0x00000000d6a58080,0x00000000d6a80000)
  to   space 3584K, 0% used [0x00000000d6c00000,0x00000000d6c00000,0x00000000d6f80000)
 ParOldGen       total 71680K, used 71637K [0x0000000080000000, 0x0000000084600000, 0x00000000d5580000)
  object space 71680K, 99% used [0x0000000080000000,0x00000000845f5710,0x0000000084600000)
 Metaspace       used 63292K, committed 64576K, reserved 1114112K
  class space    used 7365K, committed 7936K, reserved 1048576K
}
Event: 106.520 GC heap after
{Heap after GC invocations=45 (full 3):
 PSYoungGen      total 20480K, used 736K [0x00000000d5580000, 0x00000000d6d00000, 0x0000000100000000)
  eden space 19456K, 0% used [0x00000000d5580000,0x00000000d5580000,0x00000000d6880000)
  from space 1024K, 71% used [0x00000000d6c00000,0x00000000d6cb8040,0x00000000d6d00000)
  to   space 1536K, 0% used [0x00000000d6a00000,0x00000000d6a00000,0x00000000d6b80000)
 ParOldGen       total 73216K, used 73114K [0x0000000080000000, 0x0000000084780000, 0x00000000d5580000)
  object space 73216K, 99% used [0x0000000080000000,0x0000000084766b08,0x0000000084780000)
 Metaspace       used 63292K, committed 64576K, reserved 1114112K
  class space    used 7365K, committed 7936K, reserved 1048576K
}
Event: 107.323 GC heap before
{Heap before GC invocations=46 (full 3):
 PSYoungGen      total 20480K, used 20192K [0x00000000d5580000, 0x00000000d6d00000, 0x0000000100000000)
  eden space 19456K, 99% used [0x00000000d5580000,0x00000000d687ffc0,0x00000000d6880000)
  from space 1024K, 71% used [0x00000000d6c00000,0x00000000d6cb8040,0x00000000d6d00000)
  to   space 1536K, 0% used [0x00000000d6a00000,0x00000000d6a00000,0x00000000d6b80000)
 ParOldGen       total 73216K, used 73114K [0x0000000080000000, 0x0000000084780000, 0x00000000d5580000)
  object space 73216K, 99% used [0x0000000080000000,0x0000000084766b08,0x0000000084780000)
 Metaspace       used 63543K, committed 64896K, reserved 1114112K
  class space    used 7375K, committed 7936K, reserved 1048576K
}
Event: 107.327 GC heap after
{Heap after GC invocations=46 (full 3):
 PSYoungGen      total 20992K, used 416K [0x00000000d5580000, 0x00000000d6c80000, 0x0000000100000000)
  eden space 19456K, 0% used [0x00000000d5580000,0x00000000d5580000,0x00000000d6880000)
  from space 1536K, 27% used [0x00000000d6a00000,0x00000000d6a68000,0x00000000d6b80000)
  to   space 1024K, 0% used [0x00000000d6b80000,0x00000000d6b80000,0x00000000d6c80000)
 ParOldGen       total 73728K, used 73577K [0x0000000080000000, 0x0000000084800000, 0x00000000d5580000)
  object space 73728K, 99% used [0x0000000080000000,0x00000000847da598,0x0000000084800000)
 Metaspace       used 63543K, committed 64896K, reserved 1114112K
  class space    used 7375K, committed 7936K, reserved 1048576K
}
Event: 108.259 GC heap before
{Heap before GC invocations=47 (full 3):
 PSYoungGen      total 20992K, used 19872K [0x00000000d5580000, 0x00000000d6c80000, 0x0000000100000000)
  eden space 19456K, 100% used [0x00000000d5580000,0x00000000d6880000,0x00000000d6880000)
  from space 1536K, 27% used [0x00000000d6a00000,0x00000000d6a68000,0x00000000d6b80000)
  to   space 1024K, 0% used [0x00000000d6b80000,0x00000000d6b80000,0x00000000d6c80000)
 ParOldGen       total 73728K, used 73577K [0x0000000080000000, 0x0000000084800000, 0x00000000d5580000)
  object space 73728K, 99% used [0x0000000080000000,0x00000000847da598,0x0000000084800000)
 Metaspace       used 64066K, committed 65408K, reserved 1114112K
  class space    used 7425K, committed 8000K, reserved 1048576K
}
Event: 108.261 GC heap after
{Heap after GC invocations=47 (full 3):
 PSYoungGen      total 20480K, used 576K [0x00000000d5580000, 0x00000000d6c80000, 0x0000000100000000)
  eden space 19456K, 0% used [0x00000000d5580000,0x00000000d5580000,0x00000000d6880000)
  from space 1024K, 56% used [0x00000000d6b80000,0x00000000d6c10020,0x00000000d6c80000)
  to   space 1024K, 0% used [0x00000000d6a80000,0x00000000d6a80000,0x00000000d6b80000)
 ParOldGen       total 74240K, used 73853K [0x0000000080000000, 0x0000000084880000, 0x00000000d5580000)
  object space 74240K, 99% used [0x0000000080000000,0x000000008481f7a8,0x0000000084880000)
 Metaspace       used 64066K, committed 65408K, reserved 1114112K
  class space    used 7425K, committed 8000K, reserved 1048576K
}
Event: 411.633 GC heap before
{Heap before GC invocations=48 (full 3):
 PSYoungGen      total 20480K, used 20032K [0x00000000d5580000, 0x00000000d6c80000, 0x0000000100000000)
  eden space 19456K, 99% used [0x00000000d5580000,0x00000000d687fff0,0x00000000d6880000)
  from space 1024K, 56% used [0x00000000d6b80000,0x00000000d6c10020,0x00000000d6c80000)
  to   space 1024K, 0% used [0x00000000d6a80000,0x00000000d6a80000,0x00000000d6b80000)
 ParOldGen       total 74240K, used 73853K [0x0000000080000000, 0x0000000084880000, 0x00000000d5580000)
  object space 74240K, 99% used [0x0000000080000000,0x000000008481f7a8,0x0000000084880000)
 Metaspace       used 64875K, committed 66304K, reserved 1114112K
  class space    used 7532K, committed 8128K, reserved 1048576K
}
Event: 411.678 GC heap after
{Heap after GC invocations=48 (full 3):
 PSYoungGen      total 20480K, used 384K [0x00000000d5580000, 0x00000000d6c00000, 0x0000000100000000)
  eden space 19456K, 0% used [0x00000000d5580000,0x00000000d5580000,0x00000000d6880000)
  from space 1024K, 37% used [0x00000000d6a80000,0x00000000d6ae0000,0x00000000d6b80000)
  to   space 512K, 0% used [0x00000000d6b80000,0x00000000d6b80000,0x00000000d6c00000)
 ParOldGen       total 74240K, used 74223K [0x0000000080000000, 0x0000000084880000, 0x00000000d5580000)
  object space 74240K, 99% used [0x0000000080000000,0x000000008487bc38,0x0000000084880000)
 Metaspace       used 64875K, committed 66304K, reserved 1114112K
  class space    used 7532K, committed 8128K, reserved 1048576K
}
Event: 412.242 GC heap before
{Heap before GC invocations=49 (full 3):
 PSYoungGen      total 20480K, used 19840K [0x00000000d5580000, 0x00000000d6c00000, 0x0000000100000000)
  eden space 19456K, 100% used [0x00000000d5580000,0x00000000d6880000,0x00000000d6880000)
  from space 1024K, 37% used [0x00000000d6a80000,0x00000000d6ae0000,0x00000000d6b80000)
  to   space 512K, 0% used [0x00000000d6b80000,0x00000000d6b80000,0x00000000d6c00000)
 ParOldGen       total 74240K, used 74223K [0x0000000080000000, 0x0000000084880000, 0x00000000d5580000)
  object space 74240K, 99% used [0x0000000080000000,0x000000008487bc38,0x0000000084880000)
 Metaspace       used 64886K, committed 66304K, reserved 1114112K
  class space    used 7532K, committed 8128K, reserved 1048576K
}
Event: 412.244 GC heap after
{Heap after GC invocations=49 (full 3):
 PSYoungGen      total 19968K, used 128K [0x00000000d5580000, 0x00000000d6c00000, 0x0000000100000000)
  eden space 19456K, 0% used [0x00000000d5580000,0x00000000d5580000,0x00000000d6880000)
  from space 512K, 25% used [0x00000000d6b80000,0x00000000d6ba0000,0x00000000d6c00000)
  to   space 512K, 0% used [0x00000000d6b00000,0x00000000d6b00000,0x00000000d6b80000)
 ParOldGen       total 74752K, used 74463K [0x0000000080000000, 0x0000000084900000, 0x00000000d5580000)
  object space 74752K, 99% used [0x0000000080000000,0x00000000848b7de8,0x0000000084900000)
 Metaspace       used 64886K, committed 66304K, reserved 1114112K
  class space    used 7532K, committed 8128K, reserved 1048576K
}

